2018-03-01 13:10:24 3024 [Note] Plugin 'FEDERATED' is disabled.
2018-03-01 13:10:24 3024 [Note] InnoDB: The InnoDB memory heap is disabled
2018-03-01 13:10:24 3024 [Note] InnoDB: Mutexes and rw_locks use Windows interlocked functions
2018-03-01 13:10:24 3024 [Note] InnoDB: Compressed tables use zlib 1.2.3
2018-03-01 13:10:25 3024 [Note] InnoDB: Not using CPU crc32 instructions
2018-03-01 13:10:25 3024 [Note] InnoDB: Initializing buffer pool, size = 128.0M
2018-03-01 13:10:25 3024 [Note] InnoDB: Completed initialization of buffer pool
2018-03-01 13:10:25 3024 [Note] InnoDB: Highest supported file format is Barracuda.
2018-03-01 13:10:25 3024 [Note] InnoDB: The log sequence numbers 1626134 and 1626134 in ibdata files do not match the log sequence number 1680096 in the ib_logfiles!
2018-03-01 13:10:25 3024 [Note] InnoDB: Database was not shutdown normally!
2018-03-01 13:10:25 3024 [Note] InnoDB: Starting crash recovery.
2018-03-01 13:10:25 3024 [Note] InnoDB: Reading tablespace information from the .ibd files...
2018-03-01 13:10:26 3024 [Note] InnoDB: Restoring possible half-written data pages 
2018-03-01 13:10:26 3024 [Note] InnoDB: from the doublewrite buffer...
2018-03-01 13:10:32 3024 [Note] InnoDB: 128 rollback segment(s) are active.
2018-03-01 13:10:32 3024 [Note] InnoDB: Waiting for purge to start
2018-03-01 13:10:32 3024 [Note] InnoDB: 5.6.13 started; log sequence number 1680096
2018-03-01 13:10:33 3024 [Note] Server hostname (bind-address): '*'; port: 3307
2018-03-01 13:10:33 3024 [Note] IPv6 is available.
2018-03-01 13:10:33 3024 [Note]   - '::' resolves to '::';
2018-03-01 13:10:33 3024 [Note] Server socket created on IP: '::'.
2018-03-02 10:16:55 4504 [Note] Plugin 'FEDERATED' is disabled.
2018-03-02 10:16:55 4504 [Note] InnoDB: The InnoDB memory heap is disabled
2018-03-02 10:16:55 4504 [Note] InnoDB: Mutexes and rw_locks use Windows interlocked functions
2018-03-02 10:16:55 4504 [Note] InnoDB: Compressed tables use zlib 1.2.3
2018-03-02 10:16:55 4504 [Note] InnoDB: Not using CPU crc32 instructions
2018-03-02 10:16:55 4504 [Note] InnoDB: Initializing buffer pool, size = 128.0M
2018-03-02 10:16:55 4504 [Note] InnoDB: Completed initialization of buffer pool
2018-03-02 10:16:55 4504 [Note] InnoDB: Highest supported file format is Barracuda.
2018-03-02 10:16:56 4504 [Note] InnoDB: The log sequence numbers 1626134 and 1626134 in ibdata files do not match the log sequence number 1743624 in the ib_logfiles!
2018-03-02 10:16:56 4504 [Note] InnoDB: Database was not shutdown normally!
2018-03-02 10:16:56 4504 [Note] InnoDB: Starting crash recovery.
2018-03-02 10:16:56 4504 [Note] InnoDB: Reading tablespace information from the .ibd files...
2018-03-02 10:16:56 4504 [Note] InnoDB: Restoring possible half-written data pages 
2018-03-02 10:16:56 4504 [Note] InnoDB: from the doublewrite buffer...
2018-03-02 10:16:57 4504 [Note] InnoDB: 128 rollback segment(s) are active.
2018-03-02 10:16:57 4504 [Note] InnoDB: Waiting for purge to start
2018-03-02 10:16:57 4504 [Note] InnoDB: 5.6.13 started; log sequence number 1743624
2018-03-02 10:16:57 4504 [Note] Server hostname (bind-address): '*'; port: 3307
2018-03-02 10:16:57 4504 [Note] IPv6 is available.
2018-03-02 10:16:57 4504 [Note]   - '::' resolves to '::';
2018-03-02 10:16:57 4504 [Note] Server socket created on IP: '::'.
2018-03-09 10:35:17 4996 [Note] Plugin 'FEDERATED' is disabled.
2018-03-09 10:35:17 4996 [Note] InnoDB: The InnoDB memory heap is disabled
2018-03-09 10:35:17 4996 [Note] InnoDB: Mutexes and rw_locks use Windows interlocked functions
2018-03-09 10:35:17 4996 [Note] InnoDB: Compressed tables use zlib 1.2.3
2018-03-09 10:35:17 4996 [Note] InnoDB: Not using CPU crc32 instructions
2018-03-09 10:35:17 4996 [Note] InnoDB: Initializing buffer pool, size = 128.0M
2018-03-09 10:35:17 4996 [Note] InnoDB: Completed initialization of buffer pool
2018-03-09 10:35:18 4996 [Note] InnoDB: Highest supported file format is Barracuda.
2018-03-09 10:35:18 4996 [Note] InnoDB: The log sequence numbers 1626134 and 1626134 in ibdata files do not match the log sequence number 1745333 in the ib_logfiles!
2018-03-09 10:35:18 4996 [Note] InnoDB: Database was not shutdown normally!
2018-03-09 10:35:18 4996 [Note] InnoDB: Starting crash recovery.
2018-03-09 10:35:18 4996 [Note] InnoDB: Reading tablespace information from the .ibd files...
2018-03-09 10:35:18 4996 [Note] InnoDB: Restoring possible half-written data pages 
2018-03-09 10:35:18 4996 [Note] InnoDB: from the doublewrite buffer...
2018-03-09 10:35:20 4996 [Note] InnoDB: 128 rollback segment(s) are active.
2018-03-09 10:35:20 4996 [Note] InnoDB: Waiting for purge to start
2018-03-09 10:35:20 4996 [Note] InnoDB: 5.6.13 started; log sequence number 1745333
2018-03-09 10:35:20 4996 [Note] Server hostname (bind-address): '*'; port: 3307
2018-03-09 10:35:20 4996 [Note] IPv6 is available.
2018-03-09 10:35:20 4996 [Note]   - '::' resolves to '::';
2018-03-09 10:35:20 4996 [Note] Server socket created on IP: '::'.
