::1 - - [22/Feb/2018:13:21:07 +0100] "GET /phpmyadmin HTTP/1.1" 301 241
::1 - - [22/Feb/2018:13:21:07 +0100] "GET /phpmyadmin/ HTTP/1.1" 200 8521
::1 - - [22/Feb/2018:13:21:08 +0100] "GET /phpmyadmin/themes/pmahomme/jquery/jquery-ui-1.9.2.custom.css HTTP/1.1" 200 32278
::1 - - [22/Feb/2018:13:21:08 +0100] "GET /phpmyadmin/js/get_scripts.js.php?scripts[]=jquery/jquery-1.8.3.js&scripts[]=ajax.js&scripts[]=keyhandler.js&scripts[]=jquery/jquery-ui-1.9.2.custom.js&scripts[]=jquery/jquery.sprintf.js&scripts[]=jquery/jquery.cookie.js&scripts[]=jquery/jquery.mousewheel.js&scripts[]=jquery/jquery.event.drag-2.2.js&scripts[]=jquery/jquery-ui-timepicker-addon.js&scripts[]=jquery/jquery.ba-hashchange-1.3.js&scripts[]=jquery/jquery.debounce-1.0.5.js&scripts[]=jquery/jquery.menuResizer-1.0.js&scripts[]=rte.js&scripts[]=functions.js&scripts[]=navigation.js&scripts[]=indexes.js&scripts[]=common.js&scripts[]=codemirror/lib/codemirror.js&scripts[]=codemirror/mode/mysql/mysql.js HTTP/1.1" 200 578562
::1 - - [22/Feb/2018:13:21:08 +0100] "GET /phpmyadmin/phpmyadmin.css.php?server=1&lang=es&collation_connection=utf8_general_ci&token=cad3080be39b4f688beae23ed9d9ffee&nocache=4125195912ltr HTTP/1.1" 200 88608
::1 - - [22/Feb/2018:13:21:08 +0100] "GET /phpmyadmin/js/get_image.js.php?theme=pmahomme HTTP/1.1" 200 6263
::1 - - [22/Feb/2018:13:21:08 +0100] "GET /phpmyadmin/themes/pmahomme/img/logo_right.png HTTP/1.1" 200 4548
::1 - - [22/Feb/2018:13:21:08 +0100] "GET /phpmyadmin/themes/dot.gif HTTP/1.1" 200 43
::1 - - [22/Feb/2018:13:21:08 +0100] "GET /phpmyadmin/js/messages.php?lang=es&db=&server=0&collation_connection=utf8_general_ci&token=3e0a0e15788e39fb650440a277147f99 HTTP/1.1" 200 18333
::1 - - [22/Feb/2018:13:21:09 +0100] "GET /phpmyadmin/themes/pmahomme/img/sprites.png HTTP/1.1" 200 61899
::1 - - [22/Feb/2018:13:21:09 +0100] "GET /phpmyadmin/favicon.ico HTTP/1.1" 200 18902
::1 - - [22/Feb/2018:13:21:19 +0100] "POST /phpmyadmin/index.php HTTP/1.1" 302 -
::1 - - [22/Feb/2018:13:21:19 +0100] "GET /phpmyadmin/index.php?token=cad3080be39b4f688beae23ed9d9ffee HTTP/1.1" 200 47707
::1 - - [22/Feb/2018:13:21:19 +0100] "GET /phpmyadmin/phpmyadmin.css.php?server=1&token=cad3080be39b4f688beae23ed9d9ffee&nocache=5644497991ltr HTTP/1.1" 200 88608
::1 - - [22/Feb/2018:13:21:19 +0100] "GET /phpmyadmin/themes/pmahomme/img/logo_left.png HTTP/1.1" 200 2327
::1 - - [22/Feb/2018:13:21:19 +0100] "GET /phpmyadmin/themes/pmahomme/img/ajax_clock_small.gif HTTP/1.1" 200 1810
::1 - - [22/Feb/2018:13:21:19 +0100] "GET /phpmyadmin/js/messages.php?lang=es&db=&server=0&token=cad3080be39b4f688beae23ed9d9ffee HTTP/1.1" 200 18333
::1 - - [22/Feb/2018:13:21:20 +0100] "GET /phpmyadmin/themes/pmahomme/img/left_nav_bg.png HTTP/1.1" 200 297
::1 - - [22/Feb/2018:13:21:20 +0100] "GET /phpmyadmin/version_check.php?&_nocache=1519302080090182808 HTTP/1.1" 200 39
::1 - - [22/Feb/2018:13:21:33 +0100] "GET /phpmyadmin/index.php?token=cad3080be39b4f688beae23ed9d9ffee&set_theme=original HTTP/1.1" 200 47707
::1 - - [22/Feb/2018:13:21:33 +0100] "GET /phpmyadmin/themes/original/jquery/jquery-ui-1.9.2.custom.css HTTP/1.1" 200 32278
::1 - - [22/Feb/2018:13:21:33 +0100] "GET /phpmyadmin/phpmyadmin.css.php?server=1&token=cad3080be39b4f688beae23ed9d9ffee&nocache=5644497899ltr HTTP/1.1" 200 80153
::1 - - [22/Feb/2018:13:21:33 +0100] "GET /phpmyadmin/themes/original/img/logo_left.png HTTP/1.1" 200 6796
::1 - - [22/Feb/2018:13:21:33 +0100] "GET /phpmyadmin/themes/original/img/ajax_clock_small.gif HTTP/1.1" 200 1810
::1 - - [22/Feb/2018:13:21:33 +0100] "GET /phpmyadmin/js/get_image.js.php?theme=original HTTP/1.1" 200 5872
::1 - - [22/Feb/2018:13:21:33 +0100] "GET /phpmyadmin/themes/original/img/sprites.png HTTP/1.1" 200 18431
::1 - - [22/Feb/2018:13:21:33 +0100] "GET /phpmyadmin/themes/original/img/logo_right.png HTTP/1.1" 200 4548
::1 - - [22/Feb/2018:13:21:33 +0100] "GET /phpmyadmin/version_check.php?&_nocache=1519302093596568440 HTTP/1.1" 200 39
::1 - - [22/Feb/2018:13:21:36 +0100] "GET /phpmyadmin/index.php?token=cad3080be39b4f688beae23ed9d9ffee&set_theme=pmahomme HTTP/1.1" 200 47707
::1 - - [22/Feb/2018:13:21:37 +0100] "GET /phpmyadmin/version_check.php?&_nocache=1519302096993101102 HTTP/1.1" 200 39
::1 - - [22/Feb/2018:13:24:13 +0100] "GET /phpmyadmin/server_databases.php?db=&token=cad3080be39b4f688beae23ed9d9ffee&ajax_request=true&ajax_page_request=true&menuHashes=ff1d6bb1&_nocache=1519302253093506197 HTTP/1.1" 200 39985
::1 - - [22/Feb/2018:13:24:13 +0100] "GET /phpmyadmin/themes/pmahomme/img/arrow_ltr.png HTTP/1.1" 200 139
::1 - - [22/Feb/2018:13:24:13 +0100] "GET /phpmyadmin/js/get_scripts.js.php?scripts[]=server_databases.js HTTP/1.1" 200 1818
::1 - - [22/Feb/2018:13:24:48 +0100] "POST /phpmyadmin/db_create.php HTTP/1.1" 200 2371
::1 - - [22/Feb/2018:13:24:48 +0100] "POST /phpmyadmin/navigation.php?ajax_request=1&token=cad3080be39b4f688beae23ed9d9ffee HTTP/1.1" 200 1276
::1 - - [22/Feb/2018:13:24:51 +0100] "GET /phpmyadmin/db_structure.php?server=1&db=prueba&token=cad3080be39b4f688beae23ed9d9ffee&ajax_request=true&ajax_page_request=true&menuHashes=ff1d6bb1-130632a3&_nocache=151930229188672548 HTTP/1.1" 200 5619
::1 - - [22/Feb/2018:13:24:52 +0100] "GET /phpmyadmin/js/get_scripts.js.php?scripts[]=db_structure.js&scripts[]=tbl_change.js HTTP/1.1" 200 12382
::1 - - [22/Feb/2018:13:24:57 +0100] "POST /phpmyadmin/tbl_create.php HTTP/1.1" 200 122371
::1 - - [22/Feb/2018:13:24:58 +0100] "GET /phpmyadmin/index.php?ajax_request=1&recent_table=1&token=cad3080be39b4f688beae23ed9d9ffee HTTP/1.1" 200 203
::1 - - [22/Feb/2018:13:25:17 +0100] "POST /phpmyadmin/tbl_create.php HTTP/1.1" 200 6113
::1 - - [22/Feb/2018:13:25:17 +0100] "GET /phpmyadmin/db_structure.php?token=cad3080be39b4f688beae23ed9d9ffee&server=1&db=prueba&table=t1&ajax_request=true&ajax_page_request=true&menuHashes=ff1d6bb1-130632a3-ee216f84-ab1d1c75&_nocache=1519302317335680853 HTTP/1.1" 200 12845
::1 - - [22/Feb/2018:13:25:17 +0100] "POST /phpmyadmin/navigation.php?ajax_request=1&token=cad3080be39b4f688beae23ed9d9ffee HTTP/1.1" 200 1276
::1 - - [22/Feb/2018:13:25:17 +0100] "GET /phpmyadmin/index.php?ajax_request=1&recent_table=1&token=cad3080be39b4f688beae23ed9d9ffee HTTP/1.1" 200 203
::1 - - [22/Feb/2018:13:25:21 +0100] "POST /phpmyadmin/tbl_create.php HTTP/1.1" 200 163167
::1 - - [22/Feb/2018:13:25:21 +0100] "GET /phpmyadmin/index.php?ajax_request=1&recent_table=1&token=cad3080be39b4f688beae23ed9d9ffee HTTP/1.1" 200 313
::1 - - [22/Feb/2018:13:25:38 +0100] "POST /phpmyadmin/tbl_create.php HTTP/1.1" 200 6721
::1 - - [22/Feb/2018:13:25:39 +0100] "GET /phpmyadmin/db_structure.php?token=cad3080be39b4f688beae23ed9d9ffee&server=1&db=prueba&table=t2&ajax_request=true&ajax_page_request=true&menuHashes=ff1d6bb1-130632a3-ee216f84-ab1d1c75-ae0d261a-ac3ec02e&_nocache=1519302339390928005 HTTP/1.1" 200 15584
::1 - - [22/Feb/2018:13:25:39 +0100] "POST /phpmyadmin/navigation.php?ajax_request=1&token=cad3080be39b4f688beae23ed9d9ffee HTTP/1.1" 200 1276
::1 - - [22/Feb/2018:13:25:39 +0100] "GET /phpmyadmin/index.php?ajax_request=1&recent_table=1&token=cad3080be39b4f688beae23ed9d9ffee HTTP/1.1" 200 313
::1 - - [22/Feb/2018:13:25:42 +0100] "GET /phpmyadmin/db_datadict.php?db=prueba&token=cad3080be39b4f688beae23ed9d9ffee&goto=db_structure.php HTTP/1.1" 200 7362
::1 - - [22/Feb/2018:13:25:42 +0100] "GET /phpmyadmin/print.css HTTP/1.1" 200 1213
::1 - - [22/Feb/2018:13:25:42 +0100] "GET /phpmyadmin/js/messages.php?lang=es&db=prueba&server=0&token=cad3080be39b4f688beae23ed9d9ffee HTTP/1.1" 200 18333
::1 - - [22/Feb/2018:13:25:50 +0100] "GET /phpmyadmin/tbl_change.php?db=prueba&table=t2&token=cad3080be39b4f688beae23ed9d9ffee&ajax_request=true&ajax_page_request=true&menuHashes=ff1d6bb1-130632a3-ee216f84-ab1d1c75-ae0d261a-ac3ec02e-a48ed559&_nocache=1519302350587584470 HTTP/1.1" 200 30216
::1 - - [22/Feb/2018:13:25:50 +0100] "GET /phpmyadmin/js/get_scripts.js.php?scripts[]=gis_data_editor.js HTTP/1.1" 200 7692
::1 - - [22/Feb/2018:13:25:50 +0100] "GET /phpmyadmin/index.php?ajax_request=1&recent_table=1&token=cad3080be39b4f688beae23ed9d9ffee HTTP/1.1" 200 313
::1 - - [22/Feb/2018:13:25:52 +0100] "GET /phpmyadmin/tbl_select.php?db=prueba&table=t2&token=cad3080be39b4f688beae23ed9d9ffee&ajax_request=true&ajax_page_request=true&menuHashes=130632a3-ee216f84-ab1d1c75-ae0d261a-ac3ec02e-a48ed559-cf7a0522&_nocache=1519302352413923021 HTTP/1.1" 200 11974
::1 - - [22/Feb/2018:13:25:52 +0100] "GET /phpmyadmin/js/get_scripts.js.php?scripts[]=makegrid.js&scripts[]=sql.js&scripts[]=tbl_select.js HTTP/1.1" 200 38539
::1 - - [22/Feb/2018:13:25:52 +0100] "GET /phpmyadmin/index.php?ajax_request=1&recent_table=1&token=cad3080be39b4f688beae23ed9d9ffee HTTP/1.1" 200 313
::1 - - [22/Feb/2018:13:25:55 +0100] "GET /phpmyadmin/tbl_sql.php?db=prueba&table=t2&token=cad3080be39b4f688beae23ed9d9ffee&ajax_request=true&ajax_page_request=true&menuHashes=ee216f84-ab1d1c75-ae0d261a-ac3ec02e-a48ed559-cf7a0522-96d0806f&_nocache=1519302355661568257 HTTP/1.1" 200 8206
::1 - - [22/Feb/2018:13:25:55 +0100] "GET /phpmyadmin/index.php?ajax_request=1&recent_table=1&token=cad3080be39b4f688beae23ed9d9ffee HTTP/1.1" 200 313
::1 - - [22/Feb/2018:13:25:57 +0100] "GET /phpmyadmin/tbl_select.php?db=prueba&table=t2&token=cad3080be39b4f688beae23ed9d9ffee&ajax_request=true&ajax_page_request=true&menuHashes=ab1d1c75-ae0d261a-ac3ec02e-a48ed559-cf7a0522-96d0806f-8dc53986&_nocache=1519302357100738122 HTTP/1.1" 200 8966
::1 - - [22/Feb/2018:13:25:57 +0100] "GET /phpmyadmin/index.php?ajax_request=1&recent_table=1&token=cad3080be39b4f688beae23ed9d9ffee HTTP/1.1" 200 313
::1 - - [22/Feb/2018:13:25:57 +0100] "GET /phpmyadmin/tbl_select.php?db=prueba&table=t2&token=cad3080be39b4f688beae23ed9d9ffee&pos=0&ajax_request=true&ajax_page_request=true&menuHashes=ab1d1c75-ae0d261a-ac3ec02e-a48ed559-cf7a0522-96d0806f-8dc53986&_nocache=1519302357979527632 HTTP/1.1" 200 8966
::1 - - [22/Feb/2018:13:25:58 +0100] "GET /phpmyadmin/index.php?ajax_request=1&recent_table=1&token=cad3080be39b4f688beae23ed9d9ffee HTTP/1.1" 200 313
::1 - - [22/Feb/2018:13:25:59 +0100] "GET /phpmyadmin/tbl_structure.php?db=prueba&table=t2&token=cad3080be39b4f688beae23ed9d9ffee&ajax_request=true&ajax_page_request=true&menuHashes=ab1d1c75-ae0d261a-ac3ec02e-a48ed559-cf7a0522-96d0806f-8dc53986&_nocache=1519302359244784212 HTTP/1.1" 200 28477
::1 - - [22/Feb/2018:13:25:59 +0100] "GET /phpmyadmin/js/get_scripts.js.php?scripts[]=tbl_structure.js HTTP/1.1" 200 7496
::1 - - [22/Feb/2018:13:25:59 +0100] "GET /phpmyadmin/index.php?ajax_request=1&recent_table=1&token=cad3080be39b4f688beae23ed9d9ffee HTTP/1.1" 200 313
::1 - - [22/Feb/2018:13:26:03 +0100] "GET /phpmyadmin/sql.php?db=prueba&table=t2&token=cad3080be39b4f688beae23ed9d9ffee&goto=tbl_structure.php&back=tbl_structure.php&sql_query=ALTER+TABLE+%60t2%60+ADD+INDEX%28%60c1%60%29%3B&message_to_show=Se+a%C3%B1adi%C3%B3+un+%C3%ADndice+en+c1&ajax_request=true&ajax_page_request=true&menuHashes=ae0d261a-ac3ec02e-a48ed559-cf7a0522-96d0806f-8dc53986-88f5d99f&_nocache=1519302363661411523 HTTP/1.1" 200 32451
::1 - - [22/Feb/2018:13:26:04 +0100] "POST /phpmyadmin/navigation.php?ajax_request=1&token=cad3080be39b4f688beae23ed9d9ffee HTTP/1.1" 200 1276
::1 - - [22/Feb/2018:13:26:04 +0100] "GET /phpmyadmin/index.php?ajax_request=1&recent_table=1&token=cad3080be39b4f688beae23ed9d9ffee HTTP/1.1" 200 313
::1 - - [22/Feb/2018:13:26:07 +0100] "GET /phpmyadmin/sql.php?db=prueba&table=t2&token=cad3080be39b4f688beae23ed9d9ffee&pos=0&ajax_request=true&ajax_page_request=true&menuHashes=ae0d261a-ac3ec02e-a48ed559-cf7a0522-96d0806f-8dc53986-88f5d99f&_nocache=1519302367123922981 HTTP/1.1" 200 10154
::1 - - [22/Feb/2018:13:26:07 +0100] "GET /phpmyadmin/index.php?ajax_request=1&recent_table=1&token=cad3080be39b4f688beae23ed9d9ffee HTTP/1.1" 200 313
::1 - - [22/Feb/2018:13:26:08 +0100] "GET /phpmyadmin/tbl_structure.php?db=prueba&table=t2&token=cad3080be39b4f688beae23ed9d9ffee&ajax_request=true&ajax_page_request=true&menuHashes=ac3ec02e-a48ed559-cf7a0522-96d0806f-8dc53986-88f5d99f-85c0737f&_nocache=1519302368979140374 HTTP/1.1" 200 28183
::1 - - [22/Feb/2018:13:26:09 +0100] "GET /phpmyadmin/index.php?ajax_request=1&recent_table=1&token=cad3080be39b4f688beae23ed9d9ffee HTTP/1.1" 200 313
::1 - - [22/Feb/2018:13:26:10 +0100] "GET /phpmyadmin/db_structure.php?db=prueba&token=cad3080be39b4f688beae23ed9d9ffee&ajax_request=true&ajax_page_request=true&menuHashes=ac3ec02e-a48ed559-cf7a0522-96d0806f-8dc53986-88f5d99f-85c0737f&_nocache=1519302370033346856 HTTP/1.1" 200 15506
::1 - - [22/Feb/2018:13:26:15 +0100] "GET /phpmyadmin/db_sql.php?db=prueba&token=cad3080be39b4f688beae23ed9d9ffee&db_query_force=1&ajax_request=true&ajax_page_request=true&menuHashes=a48ed559-cf7a0522-96d0806f-8dc53986-88f5d99f-85c0737f-ee216f84&_nocache=1519302375266535348 HTTP/1.1" 200 7159
::1 - - [22/Feb/2018:13:26:16 +0100] "GET /phpmyadmin/db_structure.php?server=1&db=prueba&token=cad3080be39b4f688beae23ed9d9ffee&ajax_request=true&ajax_page_request=true&menuHashes=cf7a0522-96d0806f-8dc53986-88f5d99f-85c0737f-ee216f84-94a01bdb&_nocache=1519302376973180542 HTTP/1.1" 200 12362
::1 - - [22/Feb/2018:13:26:27 +0100] "POST /phpmyadmin/db_structure.php HTTP/1.1" 200 12360
::1 - - [22/Feb/2018:13:26:28 +0100] "POST /phpmyadmin/db_structure.php HTTP/1.1" 200 12360
::1 - - [22/Feb/2018:13:26:39 +0100] "GET /phpmyadmin/tbl_structure.php?db=prueba&token=cad3080be39b4f688beae23ed9d9ffee&goto=db_structure.php&table=t1&ajax_request=true&ajax_page_request=true&menuHashes=cf7a0522-96d0806f-8dc53986-88f5d99f-85c0737f-ee216f84-94a01bdb&_nocache=1519302399149633354 HTTP/1.1" 200 25437
::1 - - [22/Feb/2018:13:26:39 +0100] "GET /phpmyadmin/index.php?ajax_request=1&recent_table=1&token=cad3080be39b4f688beae23ed9d9ffee HTTP/1.1" 200 313
::1 - - [22/Feb/2018:13:26:42 +0100] "GET /phpmyadmin/sql.php?db=prueba&table=t1&token=cad3080be39b4f688beae23ed9d9ffee&goto=tbl_structure.php&back=tbl_structure.php&session_max_rows=all&sql_query=SELECT+%2A+FROM+%60t1%60+PROCEDURE+ANALYSE%28%29&ajax_request=true&ajax_page_request=true&menuHashes=96d0806f-8dc53986-88f5d99f-85c0737f-ee216f84-94a01bdb-ebf34ac4&_nocache=1519302402883727436 HTTP/1.1" 200 28099
::1 - - [22/Feb/2018:13:26:43 +0100] "GET /phpmyadmin/index.php?ajax_request=1&recent_table=1&token=cad3080be39b4f688beae23ed9d9ffee HTTP/1.1" 200 313
::1 - - [22/Feb/2018:13:26:46 +0100] "GET /phpmyadmin/db_structure.php?server=1&db=prueba&token=cad3080be39b4f688beae23ed9d9ffee&ajax_request=true&ajax_page_request=true&menuHashes=96d0806f-8dc53986-88f5d99f-85c0737f-ee216f84-94a01bdb-ebf34ac4&_nocache=1519302406924904829 HTTP/1.1" 200 12362
::1 - - [22/Feb/2018:13:26:50 +0100] "GET /phpmyadmin/tbl_structure.php?db=prueba&token=cad3080be39b4f688beae23ed9d9ffee&goto=db_structure.php&table=t1&ajax_request=true&ajax_page_request=true&menuHashes=96d0806f-8dc53986-88f5d99f-85c0737f-ee216f84-94a01bdb-ebf34ac4&_nocache=1519302410499741715 HTTP/1.1" 200 22429
::1 - - [22/Feb/2018:13:26:50 +0100] "GET /phpmyadmin/index.php?ajax_request=1&recent_table=1&token=cad3080be39b4f688beae23ed9d9ffee HTTP/1.1" 200 313
::1 - - [22/Feb/2018:13:26:59 +0100] "POST /phpmyadmin/tbl_structure.php HTTP/1.1" 200 26567
::1 - - [22/Feb/2018:13:26:59 +0100] "GET /phpmyadmin/js/get_scripts.js.php?scripts[]=jquery/jquery-1.8.3.js&scripts[]=ajax.js&scripts[]=keyhandler.js&scripts[]=jquery/jquery-ui-1.9.2.custom.js&scripts[]=jquery/jquery.sprintf.js&scripts[]=jquery/jquery.cookie.js&scripts[]=jquery/jquery.mousewheel.js&scripts[]=jquery/jquery.event.drag-2.2.js&scripts[]=jquery/jquery-ui-timepicker-addon.js&scripts[]=jquery/jquery.ba-hashchange-1.3.js&scripts[]=jquery/jquery.debounce-1.0.5.js&scripts[]=jquery/jquery.menuResizer-1.0.js&scripts[]=rte.js&scripts[]=functions.js&scripts[]=navigation.js&scripts[]=indexes.js&scripts[]=common.js&scripts[]=tbl_structure.js&scripts[]=codemirror/lib/codemirror.js&scripts[]=codemirror/mode/mysql/mysql.js HTTP/1.1" 200 586058
::1 - - [22/Feb/2018:13:26:59 +0100] "GET /phpmyadmin/phpmyadmin.css.php?server=1&token=cad3080be39b4f688beae23ed9d9ffee&nocache=5644498008ltr HTTP/1.1" 200 88608
::1 - - [22/Feb/2018:13:26:59 +0100] "GET /phpmyadmin/index.php?ajax_request=1&recent_table=1&token=cad3080be39b4f688beae23ed9d9ffee HTTP/1.1" 200 313
::1 - - [22/Feb/2018:13:27:02 +0100] "POST /phpmyadmin/tbl_structure.php HTTP/1.1" 200 26567
::1 - - [22/Feb/2018:13:27:02 +0100] "GET /phpmyadmin/index.php?ajax_request=1&recent_table=1&token=cad3080be39b4f688beae23ed9d9ffee HTTP/1.1" 200 313
::1 - - [22/Feb/2018:13:27:03 +0100] "POST /phpmyadmin/tbl_structure.php HTTP/1.1" 200 26567
::1 - - [22/Feb/2018:13:27:03 +0100] "GET /phpmyadmin/index.php?ajax_request=1&recent_table=1&token=cad3080be39b4f688beae23ed9d9ffee HTTP/1.1" 200 313
::1 - - [22/Feb/2018:13:27:05 +0100] "POST /phpmyadmin/tbl_structure.php HTTP/1.1" 200 26567
::1 - - [22/Feb/2018:13:27:05 +0100] "GET /phpmyadmin/index.php?ajax_request=1&recent_table=1&token=cad3080be39b4f688beae23ed9d9ffee HTTP/1.1" 200 313
::1 - - [22/Feb/2018:13:27:17 +0100] "POST /phpmyadmin/tbl_structure.php HTTP/1.1" 200 26567
::1 - - [22/Feb/2018:13:27:17 +0100] "GET /phpmyadmin/index.php?ajax_request=1&recent_table=1&token=cad3080be39b4f688beae23ed9d9ffee HTTP/1.1" 200 313
::1 - - [22/Feb/2018:13:27:22 +0100] "GET /phpmyadmin/sql.php?db=prueba&table=t1&token=cad3080be39b4f688beae23ed9d9ffee&goto=tbl_structure.php&back=tbl_structure.php&sql_query=ALTER+TABLE+%60t1%60+ADD+INDEX%28%60c1%60%29%3B&message_to_show=Se+a%C3%B1adi%C3%B3+un+%C3%ADndice+en+c1&ajax_request=true&ajax_page_request=true&_nocache=1519302442045406158 HTTP/1.1" 200 32669
::1 - - [22/Feb/2018:13:27:22 +0100] "GET /phpmyadmin/js/get_scripts.js.php?scripts[]=tbl_change.js&scripts[]=gis_data_editor.js HTTP/1.1" 200 14707
::1 - - [22/Feb/2018:13:27:22 +0100] "POST /phpmyadmin/navigation.php?ajax_request=1&token=cad3080be39b4f688beae23ed9d9ffee HTTP/1.1" 200 1276
::1 - - [22/Feb/2018:13:27:22 +0100] "GET /phpmyadmin/index.php?ajax_request=1&recent_table=1&token=cad3080be39b4f688beae23ed9d9ffee HTTP/1.1" 200 313
::1 - - [22/Feb/2018:13:27:29 +0100] "POST /phpmyadmin/tbl_structure.php HTTP/1.1" 200 43474
::1 - - [22/Feb/2018:13:27:38 +0100] "GET /phpmyadmin/sql.php?db=prueba&table=t1&token=cad3080be39b4f688beae23ed9d9ffee&pos=0&ajax_request=true&ajax_page_request=true&menuHashes=ebf34ac4&_nocache=1519302458143825549 HTTP/1.1" 200 10154
::1 - - [22/Feb/2018:13:27:38 +0100] "GET /phpmyadmin/index.php?ajax_request=1&recent_table=1&token=cad3080be39b4f688beae23ed9d9ffee HTTP/1.1" 200 313
::1 - - [22/Feb/2018:13:27:39 +0100] "GET /phpmyadmin/db_structure.php?db=prueba&token=cad3080be39b4f688beae23ed9d9ffee&ajax_request=true&ajax_page_request=true&menuHashes=ebf34ac4-db6b406b&_nocache=1519302459323780551 HTTP/1.1" 200 15506
::1 - - [22/Feb/2018:13:27:39 +0100] "GET /phpmyadmin/js/get_scripts.js.php?scripts[]=db_structure.js HTTP/1.1" 200 5367
::1 - - [22/Feb/2018:13:27:54 +0100] "GET /phpmyadmin/navigation.php?ajax_request=1&token=cad3080be39b4f688beae23ed9d9ffee&aPath=cm9vdA%3D%3D.cHJ1ZWJh&vPath=cm9vdA%3D%3D.cHJ1ZWJh&pos=0&pos2_name=&pos2_value=&searchClause=&searchClause2=&_nocache=1519302474127722116 HTTP/1.1" 200 2031
::1 - - [22/Feb/2018:13:27:56 +0100] "GET /phpmyadmin/db_structure.php?server=1&db=prueba&token=cad3080be39b4f688beae23ed9d9ffee&ajax_request=true&ajax_page_request=true&menuHashes=ebf34ac4-db6b406b-ee216f84&_nocache=1519302476857165707 HTTP/1.1" 200 12362
::1 - - [22/Feb/2018:13:28:04 +0100] "GET /phpmyadmin/tbl_create.php?server=1&db=prueba&token=cad3080be39b4f688beae23ed9d9ffee&ajax_request=true&ajax_page_request=true&menuHashes=ebf34ac4-db6b406b-ee216f84&_nocache=1519302484262198308 HTTP/1.1" 200 203943
::1 - - [22/Feb/2018:13:28:16 +0100] "POST /phpmyadmin/tbl_create.php HTTP/1.1" 200 240529
::1 - - [22/Feb/2018:13:28:21 +0100] "GET /phpmyadmin/db_structure.php?server=1&db=prueba&token=cad3080be39b4f688beae23ed9d9ffee&ajax_request=true&ajax_page_request=true&menuHashes=ebf34ac4-db6b406b-ee216f84-6bd18c17&_nocache=1519302501725555867 HTTP/1.1" 200 12362
::1 - - [22/Feb/2018:13:28:26 +0100] "GET /phpmyadmin/db_operations.php?server=1&db=prueba&token=cad3080be39b4f688beae23ed9d9ffee&ajax_request=true&ajax_page_request=true&menuHashes=ebf34ac4-db6b406b-ee216f84-6bd18c17&_nocache=1519302506278354425 HTTP/1.1" 200 42389
::1 - - [22/Feb/2018:13:28:26 +0100] "GET /phpmyadmin/js/get_scripts.js.php?scripts[]=db_operations.js HTTP/1.1" 200 1854
::1 - - [22/Feb/2018:13:28:28 +0100] "GET /phpmyadmin/themes/pmahomme/jquery/images/ui-bg_flat_75_ffffff_40x100.png HTTP/1.1" 200 178
::1 - - [22/Feb/2018:13:28:28 +0100] "GET /phpmyadmin/themes/pmahomme/jquery/images/ui-icons_222222_256x240.png HTTP/1.1" 200 4369
::1 - - [22/Feb/2018:13:28:28 +0100] "GET /phpmyadmin/themes/pmahomme/jquery/images/ui-bg_highlight-soft_75_cccccc_1x100.png HTTP/1.1" 200 101
::1 - - [22/Feb/2018:13:28:28 +0100] "GET /phpmyadmin/themes/pmahomme/jquery/images/ui-bg_glass_75_dadada_1x400.png HTTP/1.1" 200 159
::1 - - [22/Feb/2018:13:28:28 +0100] "GET /phpmyadmin/themes/pmahomme/jquery/images/ui-bg_flat_0_aaaaaa_40x100.png HTTP/1.1" 200 180
::1 - - [22/Feb/2018:13:28:28 +0100] "GET /phpmyadmin/themes/pmahomme/jquery/images/ui-bg_glass_75_e6e6e6_1x400.png HTTP/1.1" 200 110
::1 - - [22/Feb/2018:13:28:29 +0100] "GET /phpmyadmin/themes/pmahomme/jquery/images/ui-bg_glass_65_ffffff_1x400.png HTTP/1.1" 200 105
::1 - - [22/Feb/2018:13:28:29 +0100] "GET /phpmyadmin/sql.php?sql_query=DROP+DATABASE+%60prueba%60&back=db_operations.php&goto=index.php&reload=1&purge=1&message_to_show=La+base+de+datos+%60prueba%60+ha+sido+eliminada.&token=cad3080be39b4f688beae23ed9d9ffee&is_js_confirmed=1&ajax_request=true&_nocache=1519302509915218345 HTTP/1.1" 200 1706
::1 - - [22/Feb/2018:13:28:30 +0100] "POST /phpmyadmin/navigation.php?ajax_request=1&token=cad3080be39b4f688beae23ed9d9ffee HTTP/1.1" 200 666
::1 - - [22/Feb/2018:13:28:30 +0100] "POST /phpmyadmin/navigation.php?ajax_request=1&token=cad3080be39b4f688beae23ed9d9ffee HTTP/1.1" 200 666
::1 - - [22/Feb/2018:13:28:30 +0100] "GET /phpmyadmin/server_databases.php?token=cad3080be39b4f688beae23ed9d9ffee&server=1&db=&table=&ajax_request=true&ajax_page_request=true&menuHashes=ebf34ac4-db6b406b-ee216f84-6bd18c17-0fdfa561&_nocache=1519302510293585776 HTTP/1.1" 200 39987
