::1 - - [22/Mar/2018:13:09:01 +0100] "GET /phpmyadmin HTTP/1.1" 301 241
::1 - - [22/Mar/2018:13:09:01 +0100] "GET /phpmyadmin/ HTTP/1.1" 200 8560
::1 - - [22/Mar/2018:13:09:07 +0100] "GET /phpmyadmin/ HTTP/1.1" 200 8560
::1 - - [22/Mar/2018:13:09:07 +0100] "GET /phpmyadmin/themes/pmahomme/jquery/jquery-ui-1.9.2.custom.css HTTP/1.1" 200 32739
::1 - - [22/Mar/2018:13:09:07 +0100] "GET /phpmyadmin/phpmyadmin.css.php?server=1&lang=es&collation_connection=utf8_general_ci&token=2bd2e41da69f53daaa6ccc3315e198d1&nocache=4559194024ltr HTTP/1.1" 200 92653
::1 - - [22/Mar/2018:13:09:07 +0100] "GET /phpmyadmin/phpmyadmin.css.php?server=1&lang=es&collation_connection=utf8_general_ci&token=45566bb2741bfe4287e6f8979b5c47c0&nocache=4559194024ltr HTTP/1.1" 200 92653
::1 - - [22/Mar/2018:13:09:07 +0100] "GET /phpmyadmin/js/get_image.js.php?theme=pmahomme HTTP/1.1" 200 6364
::1 - - [22/Mar/2018:13:09:07 +0100] "GET /phpmyadmin/js/messages.php?lang=es&db=&server=0&collation_connection=utf8_general_ci&token=545ad61babbb10ec6104d6ef1e244268 HTTP/1.1" 200 18338
::1 - - [22/Mar/2018:13:09:07 +0100] "GET /phpmyadmin/js/get_scripts.js.php?scripts[]=jquery/jquery-1.8.3.js&scripts[]=ajax.js&scripts[]=keyhandler.js&scripts[]=jquery/jquery-ui-1.9.2.custom.js&scripts[]=jquery/jquery.sprintf.js&scripts[]=jquery/jquery.cookie.js&scripts[]=jquery/jquery.mousewheel.js&scripts[]=jquery/jquery.event.drag-2.2.js&scripts[]=jquery/jquery-ui-timepicker-addon.js&scripts[]=jquery/jquery.ba-hashchange-1.3.js&scripts[]=jquery/jquery.debounce-1.0.5.js&scripts[]=jquery/jquery.menuResizer-1.0.js&scripts[]=rte.js&scripts[]=functions.js&scripts[]=navigation.js&scripts[]=indexes.js&scripts[]=common.js&scripts[]=codemirror/lib/codemirror.js&scripts[]=codemirror/mode/mysql/mysql.js HTTP/1.1" 200 578621
::1 - - [22/Mar/2018:13:09:08 +0100] "GET /phpmyadmin/js/messages.php?lang=es&db=&server=0&collation_connection=utf8_general_ci&token=e450e160d224fa6c71c9d38cca3629f4 HTTP/1.1" 200 18338
::1 - - [22/Mar/2018:13:09:09 +0100] "GET /phpmyadmin/themes/dot.gif HTTP/1.1" 200 43
::1 - - [22/Mar/2018:13:09:09 +0100] "GET /phpmyadmin/themes/pmahomme/img/logo_right.png HTTP/1.1" 200 4548
::1 - - [22/Mar/2018:13:09:10 +0100] "GET /phpmyadmin/favicon.ico HTTP/1.1" 200 18902
::1 - - [22/Mar/2018:13:09:11 +0100] "GET /phpmyadmin/themes/pmahomme/img/sprites.png HTTP/1.1" 200 61899
::1 - - [22/Mar/2018:13:09:39 +0100] "GET /phpmyadmin/ HTTP/1.1" 200 8032
::1 - - [22/Mar/2018:13:09:39 +0100] "GET /phpmyadmin/ HTTP/1.1" 200 8032
::1 - - [22/Mar/2018:13:09:39 +0100] "GET /phpmyadmin/phpmyadmin.css.php?server=1&token=e5fb330946db6bf425c1566059a47339&nocache=4559194024ltr HTTP/1.1" 200 92653
::1 - - [22/Mar/2018:13:09:40 +0100] "GET /phpmyadmin/js/messages.php?lang=es&db=&server=0&token=45566bb2741bfe4287e6f8979b5c47c0 HTTP/1.1" 200 18338
::1 - - [22/Mar/2018:13:09:40 +0100] "GET /phpmyadmin/phpmyadmin.css.php?server=1&token=ee4adb2a59cea9d2fb34f22ddfd91ec2&nocache=4559194024ltr HTTP/1.1" 200 92653
::1 - - [22/Mar/2018:13:09:56 +0100] "POST /phpmyadmin/index.php HTTP/1.1" 302 -
::1 - - [22/Mar/2018:13:09:56 +0100] "GET /phpmyadmin/index.php?token=ee4adb2a59cea9d2fb34f22ddfd91ec2 HTTP/1.1" 200 48926
::1 - - [22/Mar/2018:13:09:57 +0100] "GET /phpmyadmin/phpmyadmin.css.php?server=1&token=ee4adb2a59cea9d2fb34f22ddfd91ec2&nocache=6080914621ltr HTTP/1.1" 200 92653
::1 - - [22/Mar/2018:13:09:58 +0100] "GET /phpmyadmin/js/messages.php?lang=es&db=&server=0&token=ee4adb2a59cea9d2fb34f22ddfd91ec2 HTTP/1.1" 200 18338
::1 - - [22/Mar/2018:13:09:58 +0100] "GET /phpmyadmin/themes/pmahomme/img/left_nav_bg.png HTTP/1.1" 200 297
::1 - - [22/Mar/2018:13:09:58 +0100] "GET /phpmyadmin/themes/pmahomme/img/ajax_clock_small.gif HTTP/1.1" 200 1810
::1 - - [22/Mar/2018:13:09:58 +0100] "GET /phpmyadmin/themes/pmahomme/img/logo_left.png HTTP/1.1" 200 2327
::1 - - [22/Mar/2018:13:09:58 +0100] "GET /phpmyadmin/version_check.php?&_nocache=1521720598650201075 HTTP/1.1" 200 39
::1 - - [22/Mar/2018:13:10:00 +0100] "GET /phpmyadmin/db_structure.php?server=1&db=gabinete&token=ee4adb2a59cea9d2fb34f22ddfd91ec2&ajax_request=true&ajax_page_request=true&menuHashes=5e17a909&_nocache=1521720600630811076 HTTP/1.1" 200 21587
::1 - - [22/Mar/2018:13:10:01 +0100] "GET /phpmyadmin/themes/pmahomme/img/arrow_ltr.png HTTP/1.1" 200 139
::1 - - [22/Mar/2018:13:10:01 +0100] "GET /phpmyadmin/js/get_scripts.js.php?scripts[]=db_structure.js&scripts[]=tbl_change.js HTTP/1.1" 200 12382
::1 - - [22/Mar/2018:13:10:12 +0100] "GET /phpmyadmin/db_structure.php?server=1&db=gabinete&token=ee4adb2a59cea9d2fb34f22ddfd91ec2&ajax_request=true&ajax_page_request=true&menuHashes=44942862-5e17a909&_nocache=1521720607886370594 HTTP/1.1" 200 18413
::1 - - [22/Mar/2018:13:11:04 +0100] "GET /phpmyadmin/ HTTP/1.1" 200 48926
::1 - - [22/Mar/2018:13:11:04 +0100] "GET /phpmyadmin/version_check.php?&_nocache=1521720664496790068 HTTP/1.1" 200 39
::1 - - [22/Mar/2018:13:11:06 +0100] "GET /phpmyadmin/db_structure.php?server=1&db=gabinete&token=ee4adb2a59cea9d2fb34f22ddfd91ec2&ajax_request=true&ajax_page_request=true&menuHashes=5e17a909&_nocache=1521720666202678876 HTTP/1.1" 200 21584
::1 - - [22/Mar/2018:13:11:07 +0100] "GET /phpmyadmin/sql.php?db=gabinete&token=ee4adb2a59cea9d2fb34f22ddfd91ec2&goto=db_structure.php&table=abogados&pos=0&ajax_request=true&ajax_page_request=true&menuHashes=44942862-5e17a909&_nocache=1521720667868650481 HTTP/1.1" 200 27548
::1 - - [22/Mar/2018:13:11:08 +0100] "GET /phpmyadmin/themes/pmahomme/img/s_fulltext.png HTTP/1.1" 200 193
::1 - - [22/Mar/2018:13:11:08 +0100] "GET /phpmyadmin/js/get_scripts.js.php?scripts[]=tbl_structure.js&scripts[]=gis_data_editor.js&scripts[]=makegrid.js&scripts[]=sql.js HTTP/1.1" 200 50287
::1 - - [22/Mar/2018:13:11:08 +0100] "GET /phpmyadmin/themes/pmahomme/img/col_pointer.png HTTP/1.1" 200 113
::1 - - [22/Mar/2018:13:11:08 +0100] "GET /phpmyadmin/themes/pmahomme/img/col_drop.png HTTP/1.1" 200 132
::1 - - [22/Mar/2018:13:11:08 +0100] "GET /phpmyadmin/index.php?ajax_request=1&recent_table=1&token=ee4adb2a59cea9d2fb34f22ddfd91ec2 HTTP/1.1" 200 219
