2018-02-22 13:20:23 9320 [Note] Plugin 'FEDERATED' is disabled.
2018-02-22 13:20:23 9320 [Note] InnoDB: The InnoDB memory heap is disabled
2018-02-22 13:20:23 9320 [Note] InnoDB: Mutexes and rw_locks use Windows interlocked functions
2018-02-22 13:20:23 9320 [Note] InnoDB: Compressed tables use zlib 1.2.3
2018-02-22 13:20:23 9320 [Note] InnoDB: Not using CPU crc32 instructions
2018-02-22 13:20:24 9320 [Note] InnoDB: Initializing buffer pool, size = 128.0M
2018-02-22 13:20:24 9320 [Note] InnoDB: Completed initialization of buffer pool
2018-02-22 13:20:24 9320 [Note] InnoDB: Setting log file C:\GITHUB_MIGUEL_OLMO_NO_BORRAR\PROGRAMACION_MIGUEL\TEMA8\mysql\data\ib_logfile101 size to 5 MB
2018-02-22 13:20:24 9320 [Note] InnoDB: Setting log file C:\GITHUB_MIGUEL_OLMO_NO_BORRAR\PROGRAMACION_MIGUEL\TEMA8\mysql\data\ib_logfile1 size to 5 MB
2018-02-22 13:20:25 9320 [Note] InnoDB: Renaming log file C:\GITHUB_MIGUEL_OLMO_NO_BORRAR\PROGRAMACION_MIGUEL\TEMA8\mysql\data\ib_logfile101 to C:\GITHUB_MIGUEL_OLMO_NO_BORRAR\PROGRAMACION_MIGUEL\TEMA8\mysql\data\ib_logfile0
2018-02-22 13:20:25 9320 [Warning] InnoDB: New log files created, LSN=1626134
2018-02-22 13:20:25 9320 [Note] InnoDB: Highest supported file format is Barracuda.
2018-02-22 13:20:25 9320 [Note] InnoDB: 128 rollback segment(s) are active.
2018-02-22 13:20:25 9320 [Note] InnoDB: Waiting for purge to start
2018-02-22 13:20:25 9320 [Note] InnoDB: 5.6.13 started; log sequence number 1626636
2018-02-22 13:20:25 9320 [Warning] No existing UUID has been found, so we assume that this is the first time that this server has been started. Generating a new UUID: c31aad98-17ca-11e8-b8aa-b0487a82f6ec.
2018-02-22 13:20:26 9320 [Note] Server hostname (bind-address): '*'; port: 3307
2018-02-22 13:20:26 9320 [Note] IPv6 is available.
2018-02-22 13:20:26 9320 [Note]   - '::' resolves to '::';
2018-02-22 13:20:26 9320 [Note] Server socket created on IP: '::'.
2018-02-23 10:35:17 4220 [Note] Plugin 'FEDERATED' is disabled.
2018-02-23 10:35:17 4220 [Note] InnoDB: The InnoDB memory heap is disabled
2018-02-23 10:35:17 4220 [Note] InnoDB: Mutexes and rw_locks use Windows interlocked functions
2018-02-23 10:35:17 4220 [Note] InnoDB: Compressed tables use zlib 1.2.3
2018-02-23 10:35:18 4220 [Note] InnoDB: Not using CPU crc32 instructions
2018-02-23 10:35:18 4220 [Note] InnoDB: Initializing buffer pool, size = 128.0M
2018-02-23 10:35:18 4220 [Note] InnoDB: Completed initialization of buffer pool
2018-02-23 10:35:19 4220 [Note] InnoDB: Highest supported file format is Barracuda.
2018-02-23 10:35:19 4220 [Note] InnoDB: The log sequence numbers 1626134 and 1626134 in ibdata files do not match the log sequence number 1649497 in the ib_logfiles!
2018-02-23 10:35:19 4220 [Note] InnoDB: Database was not shutdown normally!
2018-02-23 10:35:19 4220 [Note] InnoDB: Starting crash recovery.
2018-02-23 10:35:19 4220 [Note] InnoDB: Reading tablespace information from the .ibd files...
2018-02-23 10:35:19 4220 [Note] InnoDB: Restoring possible half-written data pages 
2018-02-23 10:35:19 4220 [Note] InnoDB: from the doublewrite buffer...
2018-02-23 10:35:23 4220 [Note] InnoDB: 128 rollback segment(s) are active.
2018-02-23 10:35:23 4220 [Note] InnoDB: Waiting for purge to start
2018-02-23 10:35:23 4220 [Note] InnoDB: 5.6.13 started; log sequence number 1649497
2018-02-23 10:35:23 4220 [Note] Server hostname (bind-address): '*'; port: 3307
2018-02-23 10:35:23 4220 [Note] IPv6 is available.
2018-02-23 10:35:23 4220 [Note]   - '::' resolves to '::';
2018-02-23 10:35:23 4220 [Note] Server socket created on IP: '::'.
2018-02-23 10:49:40 872 [Note] Plugin 'FEDERATED' is disabled.
2018-02-23 10:49:40 872 [Note] InnoDB: The InnoDB memory heap is disabled
2018-02-23 10:49:40 872 [Note] InnoDB: Mutexes and rw_locks use Windows interlocked functions
2018-02-23 10:49:40 872 [Note] InnoDB: Compressed tables use zlib 1.2.3
2018-02-23 10:49:40 872 [Note] InnoDB: Not using CPU crc32 instructions
2018-02-23 10:49:40 872 [Note] InnoDB: Initializing buffer pool, size = 128.0M
2018-02-23 10:49:40 872 [Note] InnoDB: Completed initialization of buffer pool
2018-02-23 10:49:40 872 [ERROR] InnoDB: C:\GITHUB_MIGUEL_OLMO_NO_BORRAR\PROGRAMACION_MIGUEL\TEMA8\mysql\data\ibdata1 can't be opened in read-write mode
2018-02-23 10:49:40 872 [ERROR] InnoDB: The system tablespace must be writable!
2018-02-23 10:49:40 872 [ERROR] Plugin 'InnoDB' init function returned error.
2018-02-23 10:49:40 872 [ERROR] Plugin 'InnoDB' registration as a STORAGE ENGINE failed.
2018-02-23 10:49:40 872 [ERROR] Unknown/unsupported storage engine: InnoDB
2018-02-23 10:49:40 872 [ERROR] Aborting

2018-02-23 10:49:40 872 [Note] Binlog end
2018-02-23 10:49:40 872 [Note] Shutting down plugin 'partition'
2018-02-23 10:49:40 872 [Note] Shutting down plugin 'PERFORMANCE_SCHEMA'
2018-02-23 10:49:40 872 [Note] Shutting down plugin 'INNODB_SYS_DATAFILES'
2018-02-23 10:49:40 872 [Note] Shutting down plugin 'INNODB_SYS_TABLESPACES'
2018-02-23 10:49:40 872 [Note] Shutting down plugin 'INNODB_SYS_FOREIGN_COLS'
2018-02-23 10:49:40 872 [Note] Shutting down plugin 'INNODB_SYS_FOREIGN'
2018-02-23 10:49:40 872 [Note] Shutting down plugin 'INNODB_SYS_FIELDS'
2018-02-23 10:49:40 872 [Note] Shutting down plugin 'INNODB_SYS_COLUMNS'
2018-02-23 10:49:40 872 [Note] Shutting down plugin 'INNODB_SYS_INDEXES'
2018-02-23 10:49:40 872 [Note] Shutting down plugin 'INNODB_SYS_TABLESTATS'
2018-02-23 10:49:40 872 [Note] Shutting down plugin 'INNODB_SYS_TABLES'
2018-02-23 10:49:40 872 [Note] Shutting down plugin 'INNODB_FT_INDEX_TABLE'
2018-02-23 10:49:40 872 [Note] Shutting down plugin 'INNODB_FT_INDEX_CACHE'
2018-02-23 10:49:40 872 [Note] Shutting down plugin 'INNODB_FT_CONFIG'
2018-02-23 10:49:40 872 [Note] Shutting down plugin 'INNODB_FT_BEING_DELETED'
2018-02-23 10:49:40 872 [Note] Shutting down plugin 'INNODB_FT_DELETED'
2018-02-23 10:49:40 872 [Note] Shutting down plugin 'INNODB_FT_DEFAULT_STOPWORD'
2018-02-23 10:49:40 872 [Note] Shutting down plugin 'INNODB_METRICS'
2018-02-23 10:49:40 872 [Note] Shutting down plugin 'INNODB_BUFFER_POOL_STATS'
2018-02-23 10:49:40 872 [Note] Shutting down plugin 'INNODB_BUFFER_PAGE_LRU'
2018-02-23 10:49:40 872 [Note] Shutting down plugin 'INNODB_BUFFER_PAGE'
2018-02-23 10:49:40 872 [Note] Shutting down plugin 'INNODB_CMP_PER_INDEX_RESET'
2018-02-23 10:49:40 872 [Note] Shutting down plugin 'INNODB_CMP_PER_INDEX'
2018-02-23 10:49:40 872 [Note] Shutting down plugin 'INNODB_CMPMEM_RESET'
2018-02-23 10:49:40 872 [Note] Shutting down plugin 'INNODB_CMPMEM'
2018-02-23 10:49:40 872 [Note] Shutting down plugin 'INNODB_CMP_RESET'
2018-02-23 10:49:40 872 [Note] Shutting down plugin 'INNODB_CMP'
2018-02-23 10:49:40 872 [Note] Shutting down plugin 'INNODB_LOCK_WAITS'
2018-02-23 10:49:40 872 [Note] Shutting down plugin 'INNODB_LOCKS'
2018-02-23 10:49:40 872 [Note] Shutting down plugin 'INNODB_TRX'
2018-02-23 10:49:40 872 [Note] Shutting down plugin 'BLACKHOLE'
2018-02-23 10:49:40 872 [Note] Shutting down plugin 'ARCHIVE'
2018-02-23 10:49:40 872 [Note] Shutting down plugin 'MRG_MYISAM'
2018-02-23 10:49:40 872 [Note] Shutting down plugin 'MyISAM'
2018-02-23 10:49:40 872 [Note] Shutting down plugin 'MEMORY'
2018-02-23 10:49:40 872 [Note] Shutting down plugin 'CSV'
2018-02-23 10:49:40 872 [Note] Shutting down plugin 'sha256_password'
2018-02-23 10:49:40 872 [Note] Shutting down plugin 'mysql_old_password'
2018-02-23 10:49:40 872 [Note] Shutting down plugin 'mysql_native_password'
2018-02-23 10:49:40 872 [Note] Shutting down plugin 'binlog'
2018-02-23 10:49:40 872 [Note] C:\GITHUB_MIGUEL_OLMO_NO_BORRAR\PROGRAMACION_MIGUEL\TEMA8/mysql/bin/mysqld_usbwv8.exe: Shutdown complete

2018-02-23 11:37:17 756 [Note] Plugin 'FEDERATED' is disabled.
2018-02-23 11:37:17 756 [Note] InnoDB: The InnoDB memory heap is disabled
2018-02-23 11:37:17 756 [Note] InnoDB: Mutexes and rw_locks use Windows interlocked functions
2018-02-23 11:37:17 756 [Note] InnoDB: Compressed tables use zlib 1.2.3
2018-02-23 11:37:17 756 [Note] InnoDB: Not using CPU crc32 instructions
2018-02-23 11:37:17 756 [Note] InnoDB: Initializing buffer pool, size = 128.0M
2018-02-23 11:37:17 756 [Note] InnoDB: Completed initialization of buffer pool
2018-02-23 11:37:17 756 [Note] InnoDB: Highest supported file format is Barracuda.
2018-02-23 11:37:17 756 [Note] InnoDB: The log sequence numbers 1626134 and 1626134 in ibdata files do not match the log sequence number 1698634 in the ib_logfiles!
2018-02-23 11:37:17 756 [Note] InnoDB: Database was not shutdown normally!
2018-02-23 11:37:17 756 [Note] InnoDB: Starting crash recovery.
2018-02-23 11:37:17 756 [Note] InnoDB: Reading tablespace information from the .ibd files...
2018-02-23 11:37:17 756 [Note] InnoDB: Restoring possible half-written data pages 
2018-02-23 11:37:17 756 [Note] InnoDB: from the doublewrite buffer...
2018-02-23 11:37:18 756 [Note] InnoDB: 128 rollback segment(s) are active.
2018-02-23 11:37:18 756 [Note] InnoDB: Waiting for purge to start
2018-02-23 11:37:18 756 [Note] InnoDB: 5.6.13 started; log sequence number 1698634
2018-02-23 11:37:18 756 [Note] Server hostname (bind-address): '*'; port: 3307
2018-02-23 11:37:18 756 [Note] IPv6 is available.
2018-02-23 11:37:18 756 [Note]   - '::' resolves to '::';
2018-02-23 11:37:18 756 [Note] Server socket created on IP: '::'.
